[     408ms] [INFO] %cDownload the React DevTools for a better development experience: https://react.dev/link/react-devtools font-weight:bold @ http://localhost:3100/_next/static/chunks/node_modules_next_dist_115brz8._.js:2431
[     472ms] [LOG] [HMR] connected @ http://localhost:3100/_next/static/chunks/node_modules_next_dist_115brz8._.js:2431
[     589ms] [LOG] SW registered: http://localhost:3100/ @ http://localhost:3100/_next/static/chunks/node_modules_next_dist_115brz8._.js:2431
[     600ms] [LOG] [Fast Refresh] rebuilding @ http://localhost:3100/_next/static/chunks/node_modules_next_dist_115brz8._.js:2431
[     975ms] [ERROR] Base UI: A component that acts as a button expected a native <button> because the `nativeButton` prop is true. Rendering a non-<button> removes native button semantics, which can impact forms and accessibility. Use a real <button> in the `render` prop, or set `nativeButton` to `false`.
    at Button (http://localhost:3100/_next/static/chunks/_0n-trhn._.js:286:214)
    at DashboardPage (http://localhost:3100/_next/static/chunks/_0o6vkz2._.js:3860:231)
    at Page (about://React/Server/file:///Users/Shared/Domain/Code/Personal/goals/.next/dev/server/chunks/ssr/%5Broot-of-the-server%5D__0ofuvji._.js?7:74:263) @ http://localhost:3100/_next/static/chunks/node_modules_next_dist_115brz8._.js:3272
[    2254ms] [LOG] [Fast Refresh] done in 1764ms @ http://localhost:3100/_next/static/chunks/node_modules_next_dist_115brz8._.js:2431
[    3072ms] [LOG] [Fast Refresh] rebuilding @ http://localhost:3100/_next/static/chunks/node_modules_next_dist_115brz8._.js:2431
[    3131ms] [LOG] [Fast Refresh] done in 160ms @ http://localhost:3100/_next/static/chunks/node_modules_next_dist_115brz8._.js:2431
[   23477ms] [LOG] [Fast Refresh] rebuilding @ http://localhost:3100/_next/static/chunks/node_modules_next_dist_115brz8._.js:2431
[   23806ms] [LOG] [Fast Refresh] done in 431ms @ http://localhost:3100/_next/static/chunks/node_modules_next_dist_115brz8._.js:2431
[   24646ms] [LOG] [Fast Refresh] rebuilding @ http://localhost:3100/_next/static/chunks/node_modules_next_dist_115brz8._.js:2431
[   24679ms] [LOG] [Fast Refresh] done in 134ms @ http://localhost:3100/_next/static/chunks/node_modules_next_dist_115brz8._.js:2431
[   25431ms] [LOG] [Fast Refresh] rebuilding @ http://localhost:3100/_next/static/chunks/node_modules_next_dist_115brz8._.js:2431
[   25486ms] [LOG] [Fast Refresh] done in 156ms @ http://localhost:3100/_next/static/chunks/node_modules_next_dist_115brz8._.js:2431
[   84337ms] [LOG] [Fast Refresh] rebuilding @ http://localhost:3100/_next/static/chunks/node_modules_next_dist_115brz8._.js:2431
[   84432ms] [LOG] [Fast Refresh] done in 196ms @ http://localhost:3100/_next/static/chunks/node_modules_next_dist_115brz8._.js:2431
[  125414ms] [LOG] [Fast Refresh] rebuilding @ http://localhost:3100/_next/static/chunks/node_modules_next_dist_115brz8._.js:2431
[  126053ms] [LOG] [Fast Refresh] done in 741ms @ http://localhost:3100/_next/static/chunks/node_modules_next_dist_115brz8._.js:2431
