[   10469ms] [INFO] %cDownload the React DevTools for a better development experience: https://react.dev/link/react-devtools font-weight:bold @ http://localhost:3100/_next/static/chunks/node_modules_next_dist_115brz8._.js:2431
[   10529ms] [LOG] [HMR] connected @ http://localhost:3100/_next/static/chunks/node_modules_next_dist_115brz8._.js:2431
[   10949ms] [LOG] SW registered: http://localhost:3100/ @ http://localhost:3100/_next/static/chunks/node_modules_next_dist_115brz8._.js:2431
[   22794ms] [INFO] Banner not shown: beforeinstallpromptevent.preventDefault() called. The page must call beforeinstallpromptevent.prompt() to show the banner. @ http://localhost:3100/dashboard:0
[   23493ms] [ERROR] Failed to load resource: the server responded with a status of 401 (Unauthorized) @ http://localhost:3100/api/categories:0
[   23494ms] [ERROR] Failed to load resource: the server responded with a status of 401 (Unauthorized) @ http://localhost:3100/api/dashboard:0
[   24517ms] [ERROR] Failed to load resource: the server responded with a status of 401 (Unauthorized) @ http://localhost:3100/api/categories:0
[   24524ms] [ERROR] Failed to load resource: the server responded with a status of 401 (Unauthorized) @ http://localhost:3100/api/dashboard:0
[   25295ms] [LOG] [Fast Refresh] rebuilding @ http://localhost:3100/_next/static/chunks/node_modules_next_dist_115brz8._.js:2431
[   25329ms] [LOG] [Fast Refresh] done in 136ms @ http://localhost:3100/_next/static/chunks/node_modules_next_dist_115brz8._.js:2431
[   26541ms] [ERROR] Failed to load resource: the server responded with a status of 401 (Unauthorized) @ http://localhost:3100/api/categories:0
[   26550ms] [ERROR] Failed to load resource: the server responded with a status of 401 (Unauthorized) @ http://localhost:3100/api/dashboard:0
[   30738ms] [ERROR] Failed to load resource: the server responded with a status of 401 (Unauthorized) @ http://localhost:3100/api/categories:0
[   30759ms] [ERROR] Failed to load resource: the server responded with a status of 401 (Unauthorized) @ http://localhost:3100/api/dashboard:0
[   32385ms] [LOG] [Fast Refresh] rebuilding @ http://localhost:3100/_next/static/chunks/node_modules_next_dist_115brz8._.js:2431
[   32385ms] [LOG] [Fast Refresh] done in 103ms @ http://localhost:3100/_next/static/chunks/node_modules_next_dist_115brz8._.js:2431
[   55186ms] [LOG] [Fast Refresh] rebuilding @ http://localhost:3100/_next/static/chunks/node_modules_next_dist_115brz8._.js:2431
[   55236ms] [LOG] [Fast Refresh] done in 153ms @ http://localhost:3100/_next/static/chunks/node_modules_next_dist_115brz8._.js:2431
[   55856ms] [LOG] [Fast Refresh] rebuilding @ http://localhost:3100/_next/static/chunks/node_modules_next_dist_115brz8._.js:2431
[   55869ms] [LOG] [Fast Refresh] done in 114ms @ http://localhost:3100/_next/static/chunks/node_modules_next_dist_115brz8._.js:2431
[   63067ms] [LOG] [Fast Refresh] rebuilding @ http://localhost:3100/_next/static/chunks/node_modules_next_dist_115brz8._.js:2431
[   63084ms] [LOG] [Fast Refresh] done in 120ms @ http://localhost:3100/_next/static/chunks/node_modules_next_dist_115brz8._.js:2431
[   96353ms] [LOG] [Fast Refresh] rebuilding @ http://localhost:3100/_next/static/chunks/node_modules_next_dist_115brz8._.js:2431
[   97548ms] [LOG] [Fast Refresh] done in 1298ms @ http://localhost:3100/_next/static/chunks/node_modules_next_dist_115brz8._.js:2431
[  102916ms] [LOG] [Fast Refresh] rebuilding @ http://localhost:3100/_next/static/chunks/node_modules_next_dist_115brz8._.js:2431
[  103469ms] [LOG] [Fast Refresh] done in 655ms @ http://localhost:3100/_next/static/chunks/node_modules_next_dist_115brz8._.js:2431
