[     415ms] [LOG] [Fast Refresh] rebuilding @ http://localhost:3100/_next/static/chunks/node_modules_next_dist_115brz8._.js:2431
[    7080ms] [LOG] [Fast Refresh] done in 6769ms @ http://localhost:3100/_next/static/chunks/node_modules_next_dist_115brz8._.js:2431
[    7185ms] [LOG] [Fast Refresh] rebuilding @ http://localhost:3100/_next/static/chunks/node_modules_next_dist_115brz8._.js:2431
[    7317ms] [LOG] [Fast Refresh] done in 235ms @ http://localhost:3100/_next/static/chunks/node_modules_next_dist_115brz8._.js:2431
[    7574ms] [INFO] %cDownload the React DevTools for a better development experience: https://react.dev/link/react-devtools font-weight:bold @ http://localhost:3100/_next/static/chunks/node_modules_next_dist_115brz8._.js:2431
[    7687ms] [LOG] [HMR] connected @ http://localhost:3100/_next/static/chunks/node_modules_next_dist_115brz8._.js:2431
[    7833ms] [LOG] [Fast Refresh] rebuilding @ http://localhost:3100/_next/static/chunks/node_modules_next_dist_115brz8._.js:2431
[    7986ms] [LOG] SW registered: http://localhost:3100/ @ http://localhost:3100/_next/static/chunks/node_modules_next_dist_115brz8._.js:2431
[    9170ms] [LOG] [Fast Refresh] done in 1459ms @ http://localhost:3100/_next/static/chunks/node_modules_next_dist_115brz8._.js:2431
[    9272ms] [LOG] [Fast Refresh] rebuilding @ http://localhost:3100/_next/static/chunks/node_modules_next_dist_115brz8._.js:2431
[    9452ms] [LOG] [Fast Refresh] done in 280ms @ http://localhost:3100/_next/static/chunks/node_modules_next_dist_115brz8._.js:2431
[    9671ms] [INFO] Banner not shown: beforeinstallpromptevent.preventDefault() called. The page must call beforeinstallpromptevent.prompt() to show the banner. @ http://localhost:3100/goals:0
[   32152ms] [INFO] Banner not shown: beforeinstallpromptevent.preventDefault() called. The page must call beforeinstallpromptevent.prompt() to show the banner. @ http://localhost:3100/goals:0
[   33751ms] [INFO] Banner not shown: beforeinstallpromptevent.preventDefault() called. The page must call beforeinstallpromptevent.prompt() to show the banner. @ http://localhost:3100/goals:0
[   51566ms] [LOG] [Fast Refresh] rebuilding @ http://localhost:3100/_next/static/chunks/node_modules_next_dist_115brz8._.js:2431
[   51617ms] [LOG] [Fast Refresh] done in 155ms @ http://localhost:3100/_next/static/chunks/node_modules_next_dist_115brz8._.js:2431
[   98532ms] [LOG] [Fast Refresh] rebuilding @ http://localhost:3100/_next/static/chunks/node_modules_next_dist_115brz8._.js:2431
[   98838ms] [LOG] [Fast Refresh] done in 408ms @ http://localhost:3100/_next/static/chunks/node_modules_next_dist_115brz8._.js:2431
[  120218ms] [LOG] [Fast Refresh] rebuilding @ http://localhost:3100/_next/static/chunks/node_modules_next_dist_115brz8._.js:2431
[  120246ms] [LOG] [Fast Refresh] done in 128ms @ http://localhost:3100/_next/static/chunks/node_modules_next_dist_115brz8._.js:2431
